{"E:\\4. Bootcamp\\Hacktiv8\\Phase2\\Week3\\Individual Project\\ip-anantaihza\\server\\app.js": {"path":"E:\\4. Bootcamp\\Hacktiv8\\Phase2\\Week3\\Individual Project\\ip-anantaihza\\server\\app.js","statementMap":{"0":{"start":{"line":2,"column":0},"end":{"line":4,"column":1}},"1":{"start":{"line":3,"column":2},"end":{"line":3,"column":29}},"2":{"start":{"line":6,"column":16},"end":{"line":6,"column":34}},"3":{"start":{"line":7,"column":12},"end":{"line":7,"column":21}},"4":{"start":{"line":8,"column":13},"end":{"line":8,"column":28}},"5":{"start":{"line":10,"column":15},"end":{"line":10,"column":40}},"6":{"start":{"line":12,"column":0},"end":{"line":12,"column":16}},"7":{"start":{"line":13,"column":0},"end":{"line":13,"column":49}},"8":{"start":{"line":14,"column":0},"end":{"line":14,"column":24}},"9":{"start":{"line":16,"column":0},"end":{"line":16,"column":20}},"10":{"start":{"line":19,"column":0},"end":{"line":19,"column":21}}},"fnMap":{},"branchMap":{"0":{"loc":{"start":{"line":2,"column":0},"end":{"line":4,"column":1}},"type":"if","locations":[{"start":{"line":2,"column":0},"end":{"line":4,"column":1}},{"start":{},"end":{}}],"line":2}},"s":{"0":3,"1":3,"2":3,"3":3,"4":3,"5":3,"6":3,"7":3,"8":3,"9":3,"10":3},"f":{},"b":{"0":[3,0]},"_coverageSchema":"1a1c01bbd47fc00a2c39e90264f33305004495a9","hash":"6db6fc280bca37e6bc095c20d9ecdc1edb17a15c"}
,"E:\\4. Bootcamp\\Hacktiv8\\Phase2\\Week3\\Individual Project\\ip-anantaihza\\server\\controllers\\authController.js": {"path":"E:\\4. Bootcamp\\Hacktiv8\\Phase2\\Week3\\Individual Project\\ip-anantaihza\\server\\controllers\\authController.js","statementMap":{"0":{"start":{"line":1,"column":28},"end":{"line":1,"column":56}},"1":{"start":{"line":2,"column":22},"end":{"line":2,"column":47}},"2":{"start":{"line":3,"column":24},"end":{"line":3,"column":44}},"3":{"start":{"line":4,"column":19},"end":{"line":4,"column":43}},"4":{"start":{"line":5,"column":25},"end":{"line":5,"column":55}},"5":{"start":{"line":6,"column":14},"end":{"line":6,"column":30}},"6":{"start":{"line":10,"column":4},"end":{"line":25,"column":5}},"7":{"start":{"line":11,"column":44},"end":{"line":11,"column":52}},"8":{"start":{"line":12,"column":19},"end":{"line":16,"column":8}},"9":{"start":{"line":18,"column":6},"end":{"line":22,"column":9}},"10":{"start":{"line":24,"column":6},"end":{"line":24,"column":18}},"11":{"start":{"line":29,"column":4},"end":{"line":53,"column":5}},"12":{"start":{"line":30,"column":34},"end":{"line":30,"column":42}},"13":{"start":{"line":31,"column":6},"end":{"line":32,"column":78}},"14":{"start":{"line":32,"column":8},"end":{"line":32,"column":78}},"15":{"start":{"line":34,"column":23},"end":{"line":38,"column":8}},"16":{"start":{"line":39,"column":6},"end":{"line":39,"column":52}},"17":{"start":{"line":39,"column":21},"end":{"line":39,"column":52}},"18":{"start":{"line":41,"column":26},"end":{"line":41,"column":70}},"19":{"start":{"line":42,"column":6},"end":{"line":42,"column":55}},"20":{"start":{"line":42,"column":24},"end":{"line":42,"column":55}},"21":{"start":{"line":44,"column":27},"end":{"line":46,"column":8}},"22":{"start":{"line":48,"column":6},"end":{"line":50,"column":9}},"23":{"start":{"line":52,"column":6},"end":{"line":52,"column":18}},"24":{"start":{"line":57,"column":18},"end":{"line":57,"column":42}},"25":{"start":{"line":58,"column":4},"end":{"line":99,"column":5}},"26":{"start":{"line":59,"column":21},"end":{"line":59,"column":39}},"27":{"start":{"line":61,"column":21},"end":{"line":67,"column":8}},"28":{"start":{"line":68,"column":22},"end":{"line":68,"column":41}},"29":{"start":{"line":72,"column":23},"end":{"line":72,"column":35}},"30":{"start":{"line":73,"column":20},"end":{"line":73,"column":33}},"31":{"start":{"line":74,"column":23},"end":{"line":74,"column":38}},"32":{"start":{"line":76,"column":30},"end":{"line":86,"column":8}},"33":{"start":{"line":88,"column":6},"end":{"line":92,"column":7}},"34":{"start":{"line":89,"column":8},"end":{"line":91,"column":9}},"35":{"start":{"line":90,"column":10},"end":{"line":90,"column":55}},"36":{"start":{"line":94,"column":27},"end":{"line":94,"column":53}},"37":{"start":{"line":96,"column":6},"end":{"line":96,"column":45}},"38":{"start":{"line":98,"column":6},"end":{"line":98,"column":18}},"39":{"start":{"line":103,"column":4},"end":{"line":107,"column":5}},"40":{"start":{"line":104,"column":6},"end":{"line":104,"column":37}},"41":{"start":{"line":106,"column":6},"end":{"line":106,"column":18}},"42":{"start":{"line":111,"column":4},"end":{"line":150,"column":5}},"43":{"start":{"line":112,"column":21},"end":{"line":112,"column":29}},"44":{"start":{"line":113,"column":27},"end":{"line":113,"column":35}},"45":{"start":{"line":115,"column":19},"end":{"line":115,"column":21}},"46":{"start":{"line":117,"column":6},"end":{"line":119,"column":7}},"47":{"start":{"line":118,"column":8},"end":{"line":118,"column":51}},"48":{"start":{"line":121,"column":6},"end":{"line":137,"column":7}},"49":{"start":{"line":122,"column":8},"end":{"line":126,"column":11}},"50":{"start":{"line":127,"column":24},"end":{"line":127,"column":71}},"51":{"start":{"line":129,"column":24},"end":{"line":129,"column":69}},"52":{"start":{"line":131,"column":27},"end":{"line":134,"column":10}},"53":{"start":{"line":136,"column":8},"end":{"line":136,"column":64}},"54":{"start":{"line":139,"column":6},"end":{"line":143,"column":9}},"55":{"start":{"line":145,"column":6},"end":{"line":147,"column":9}},"56":{"start":{"line":149,"column":6},"end":{"line":149,"column":18}},"57":{"start":{"line":154,"column":4},"end":{"line":208,"column":5}},"58":{"start":{"line":155,"column":26},"end":{"line":155,"column":34}},"59":{"start":{"line":156,"column":20},"end":{"line":160,"column":8}},"60":{"start":{"line":161,"column":6},"end":{"line":161,"column":45}},"61":{"start":{"line":161,"column":18},"end":{"line":161,"column":45}},"62":{"start":{"line":163,"column":6},"end":{"line":163,"column":75}},"63":{"start":{"line":163,"column":47},"end":{"line":163,"column":75}},"64":{"start":{"line":165,"column":6},"end":{"line":165,"column":65}},"65":{"start":{"line":165,"column":35},"end":{"line":165,"column":65}},"66":{"start":{"line":167,"column":24},"end":{"line":167,"column":55}},"67":{"start":{"line":168,"column":30},"end":{"line":168,"column":77}},"68":{"start":{"line":169,"column":23},"end":{"line":175,"column":8}},"69":{"start":{"line":179,"column":6},"end":{"line":205,"column":7}},"70":{"start":{"line":180,"column":8},"end":{"line":189,"column":10}},"71":{"start":{"line":191,"column":8},"end":{"line":200,"column":10}},"72":{"start":{"line":202,"column":8},"end":{"line":202,"column":61}},"73":{"start":{"line":204,"column":8},"end":{"line":204,"column":60}},"74":{"start":{"line":207,"column":6},"end":{"line":207,"column":18}},"75":{"start":{"line":212,"column":0},"end":{"line":212,"column":32}}},"fnMap":{"0":{"name":"(anonymous_0)","decl":{"start":{"line":9,"column":2},"end":{"line":9,"column":3}},"loc":{"start":{"line":9,"column":40},"end":{"line":26,"column":3}},"line":9},"1":{"name":"(anonymous_1)","decl":{"start":{"line":28,"column":2},"end":{"line":28,"column":3}},"loc":{"start":{"line":28,"column":37},"end":{"line":54,"column":3}},"line":28},"2":{"name":"(anonymous_2)","decl":{"start":{"line":56,"column":2},"end":{"line":56,"column":3}},"loc":{"start":{"line":56,"column":43},"end":{"line":100,"column":3}},"line":56},"3":{"name":"(anonymous_3)","decl":{"start":{"line":102,"column":2},"end":{"line":102,"column":3}},"loc":{"start":{"line":102,"column":39},"end":{"line":108,"column":3}},"line":102},"4":{"name":"(anonymous_4)","decl":{"start":{"line":110,"column":2},"end":{"line":110,"column":3}},"loc":{"start":{"line":110,"column":39},"end":{"line":151,"column":3}},"line":110},"5":{"name":"(anonymous_5)","decl":{"start":{"line":153,"column":2},"end":{"line":153,"column":3}},"loc":{"start":{"line":153,"column":46},"end":{"line":209,"column":3}},"line":153}},"branchMap":{"0":{"loc":{"start":{"line":31,"column":6},"end":{"line":32,"column":78}},"type":"if","locations":[{"start":{"line":31,"column":6},"end":{"line":32,"column":78}},{"start":{},"end":{}}],"line":31},"1":{"loc":{"start":{"line":31,"column":10},"end":{"line":31,"column":29}},"type":"binary-expr","locations":[{"start":{"line":31,"column":10},"end":{"line":31,"column":16}},{"start":{"line":31,"column":20},"end":{"line":31,"column":29}}],"line":31},"2":{"loc":{"start":{"line":39,"column":6},"end":{"line":39,"column":52}},"type":"if","locations":[{"start":{"line":39,"column":6},"end":{"line":39,"column":52}},{"start":{},"end":{}}],"line":39},"3":{"loc":{"start":{"line":42,"column":6},"end":{"line":42,"column":55}},"type":"if","locations":[{"start":{"line":42,"column":6},"end":{"line":42,"column":55}},{"start":{},"end":{}}],"line":42},"4":{"loc":{"start":{"line":88,"column":6},"end":{"line":92,"column":7}},"type":"if","locations":[{"start":{"line":88,"column":6},"end":{"line":92,"column":7}},{"start":{},"end":{}}],"line":88},"5":{"loc":{"start":{"line":89,"column":8},"end":{"line":91,"column":9}},"type":"if","locations":[{"start":{"line":89,"column":8},"end":{"line":91,"column":9}},{"start":{},"end":{}}],"line":89},"6":{"loc":{"start":{"line":117,"column":6},"end":{"line":119,"column":7}},"type":"if","locations":[{"start":{"line":117,"column":6},"end":{"line":119,"column":7}},{"start":{},"end":{}}],"line":117},"7":{"loc":{"start":{"line":121,"column":6},"end":{"line":137,"column":7}},"type":"if","locations":[{"start":{"line":121,"column":6},"end":{"line":137,"column":7}},{"start":{},"end":{}}],"line":121},"8":{"loc":{"start":{"line":161,"column":6},"end":{"line":161,"column":45}},"type":"if","locations":[{"start":{"line":161,"column":6},"end":{"line":161,"column":45}},{"start":{},"end":{}}],"line":161},"9":{"loc":{"start":{"line":163,"column":6},"end":{"line":163,"column":75}},"type":"if","locations":[{"start":{"line":163,"column":6},"end":{"line":163,"column":75}},{"start":{},"end":{}}],"line":163},"10":{"loc":{"start":{"line":165,"column":6},"end":{"line":165,"column":65}},"type":"if","locations":[{"start":{"line":165,"column":6},"end":{"line":165,"column":65}},{"start":{},"end":{}}],"line":165},"11":{"loc":{"start":{"line":179,"column":6},"end":{"line":205,"column":7}},"type":"if","locations":[{"start":{"line":179,"column":6},"end":{"line":205,"column":7}},{"start":{"line":203,"column":13},"end":{"line":205,"column":7}}],"line":179},"12":{"loc":{"start":{"line":179,"column":10},"end":{"line":179,"column":77}},"type":"binary-expr","locations":[{"start":{"line":179,"column":10},"end":{"line":179,"column":47}},{"start":{"line":179,"column":51},"end":{"line":179,"column":77}}],"line":179}},"s":{"0":3,"1":3,"2":3,"3":3,"4":3,"5":3,"6":2,"7":2,"8":2,"9":1,"10":1,"11":2,"12":2,"13":2,"14":1,"15":1,"16":1,"17":0,"18":1,"19":1,"20":0,"21":1,"22":1,"23":1,"24":0,"25":0,"26":0,"27":0,"28":0,"29":0,"30":0,"31":0,"32":0,"33":0,"34":0,"35":0,"36":0,"37":0,"38":0,"39":1,"40":1,"41":0,"42":0,"43":0,"44":0,"45":0,"46":0,"47":0,"48":0,"49":0,"50":0,"51":0,"52":0,"53":0,"54":0,"55":0,"56":0,"57":0,"58":0,"59":0,"60":0,"61":0,"62":0,"63":0,"64":0,"65":0,"66":0,"67":0,"68":0,"69":0,"70":0,"71":0,"72":0,"73":0,"74":0,"75":3},"f":{"0":2,"1":2,"2":0,"3":1,"4":0,"5":0},"b":{"0":[1,1],"1":[2,1],"2":[0,1],"3":[0,1],"4":[0,0],"5":[0,0],"6":[0,0],"7":[0,0],"8":[0,0],"9":[0,0],"10":[0,0],"11":[0,0],"12":[0,0]},"_coverageSchema":"1a1c01bbd47fc00a2c39e90264f33305004495a9","hash":"190c28040e50feae604e1d25e9c14c1008d91fa7"}
,"E:\\4. Bootcamp\\Hacktiv8\\Phase2\\Week3\\Individual Project\\ip-anantaihza\\server\\controllers\\controller.js": {"path":"E:\\4. Bootcamp\\Hacktiv8\\Phase2\\Week3\\Individual Project\\ip-anantaihza\\server\\controllers\\controller.js","statementMap":{"0":{"start":{"line":3,"column":4},"end":{"line":5,"column":6}},"1":{"start":{"line":9,"column":0},"end":{"line":9,"column":28}}},"fnMap":{"0":{"name":"(anonymous_0)","decl":{"start":{"line":2,"column":2},"end":{"line":2,"column":3}},"loc":{"start":{"line":2,"column":24},"end":{"line":6,"column":3}},"line":2}},"branchMap":{},"s":{"0":0,"1":3},"f":{"0":0},"b":{},"_coverageSchema":"1a1c01bbd47fc00a2c39e90264f33305004495a9","hash":"b46b9ec834ffbbc5ee8806c24739674d38c848e2"}
,"E:\\4. Bootcamp\\Hacktiv8\\Phase2\\Week3\\Individual Project\\ip-anantaihza\\server\\controllers\\jikanController.js": {"path":"E:\\4. Bootcamp\\Hacktiv8\\Phase2\\Week3\\Individual Project\\ip-anantaihza\\server\\controllers\\jikanController.js","statementMap":{"0":{"start":{"line":1,"column":14},"end":{"line":1,"column":30}},"1":{"start":{"line":5,"column":4},"end":{"line":21,"column":5}},"2":{"start":{"line":6,"column":23},"end":{"line":6,"column":32}},"3":{"start":{"line":7,"column":16},"end":{"line":7,"column":52}},"4":{"start":{"line":9,"column":6},"end":{"line":11,"column":7}},"5":{"start":{"line":10,"column":8},"end":{"line":10,"column":31}},"6":{"start":{"line":12,"column":23},"end":{"line":15,"column":8}},"7":{"start":{"line":17,"column":6},"end":{"line":17,"column":33}},"8":{"start":{"line":19,"column":6},"end":{"line":19,"column":39}},"9":{"start":{"line":20,"column":6},"end":{"line":20,"column":18}},"10":{"start":{"line":25,"column":4},"end":{"line":40,"column":5}},"11":{"start":{"line":26,"column":23},"end":{"line":26,"column":32}},"12":{"start":{"line":27,"column":16},"end":{"line":27,"column":57}},"13":{"start":{"line":29,"column":6},"end":{"line":31,"column":7}},"14":{"start":{"line":30,"column":8},"end":{"line":30,"column":31}},"15":{"start":{"line":32,"column":23},"end":{"line":35,"column":8}},"16":{"start":{"line":37,"column":6},"end":{"line":37,"column":32}},"17":{"start":{"line":39,"column":6},"end":{"line":39,"column":17}},"18":{"start":{"line":44,"column":4},"end":{"line":55,"column":5}},"19":{"start":{"line":45,"column":21},"end":{"line":45,"column":31}},"20":{"start":{"line":46,"column":23},"end":{"line":49,"column":8}},"21":{"start":{"line":51,"column":6},"end":{"line":51,"column":33}},"22":{"start":{"line":53,"column":6},"end":{"line":53,"column":39}},"23":{"start":{"line":54,"column":6},"end":{"line":54,"column":18}},"24":{"start":{"line":59,"column":4},"end":{"line":69,"column":5}},"25":{"start":{"line":60,"column":21},"end":{"line":60,"column":31}},"26":{"start":{"line":61,"column":23},"end":{"line":64,"column":8}},"27":{"start":{"line":66,"column":6},"end":{"line":66,"column":33}},"28":{"start":{"line":68,"column":6},"end":{"line":68,"column":18}},"29":{"start":{"line":73,"column":4},"end":{"line":83,"column":5}},"30":{"start":{"line":74,"column":21},"end":{"line":74,"column":31}},"31":{"start":{"line":75,"column":23},"end":{"line":78,"column":8}},"32":{"start":{"line":80,"column":6},"end":{"line":80,"column":33}},"33":{"start":{"line":82,"column":6},"end":{"line":82,"column":18}},"34":{"start":{"line":89,"column":0},"end":{"line":89,"column":33}}},"fnMap":{"0":{"name":"(anonymous_0)","decl":{"start":{"line":4,"column":2},"end":{"line":4,"column":3}},"loc":{"start":{"line":4,"column":40},"end":{"line":22,"column":3}},"line":4},"1":{"name":"(anonymous_1)","decl":{"start":{"line":24,"column":2},"end":{"line":24,"column":3}},"loc":{"start":{"line":24,"column":50},"end":{"line":41,"column":3}},"line":24},"2":{"name":"(anonymous_2)","decl":{"start":{"line":43,"column":2},"end":{"line":43,"column":3}},"loc":{"start":{"line":43,"column":44},"end":{"line":56,"column":3}},"line":43},"3":{"name":"(anonymous_3)","decl":{"start":{"line":58,"column":2},"end":{"line":58,"column":3}},"loc":{"start":{"line":58,"column":53},"end":{"line":70,"column":3}},"line":58},"4":{"name":"(anonymous_4)","decl":{"start":{"line":72,"column":2},"end":{"line":72,"column":3}},"loc":{"start":{"line":72,"column":50},"end":{"line":84,"column":3}},"line":72}},"branchMap":{"0":{"loc":{"start":{"line":9,"column":6},"end":{"line":11,"column":7}},"type":"if","locations":[{"start":{"line":9,"column":6},"end":{"line":11,"column":7}},{"start":{},"end":{}}],"line":9},"1":{"loc":{"start":{"line":29,"column":6},"end":{"line":31,"column":7}},"type":"if","locations":[{"start":{"line":29,"column":6},"end":{"line":31,"column":7}},{"start":{},"end":{}}],"line":29}},"s":{"0":3,"1":1,"2":1,"3":1,"4":1,"5":0,"6":1,"7":1,"8":0,"9":0,"10":1,"11":1,"12":1,"13":1,"14":0,"15":1,"16":1,"17":0,"18":1,"19":1,"20":1,"21":1,"22":0,"23":0,"24":0,"25":0,"26":0,"27":0,"28":0,"29":0,"30":0,"31":0,"32":0,"33":0,"34":3},"f":{"0":1,"1":1,"2":1,"3":0,"4":0},"b":{"0":[0,1],"1":[0,1]},"_coverageSchema":"1a1c01bbd47fc00a2c39e90264f33305004495a9","hash":"df7c2833e678aa95c711d8fe772b817bc101acb9"}
,"E:\\4. Bootcamp\\Hacktiv8\\Phase2\\Week3\\Individual Project\\ip-anantaihza\\server\\controllers\\openaiController.js": {"path":"E:\\4. Bootcamp\\Hacktiv8\\Phase2\\Week3\\Individual Project\\ip-anantaihza\\server\\controllers\\openaiController.js","statementMap":{"0":{"start":{"line":1,"column":15},"end":{"line":1,"column":43}},"1":{"start":{"line":2,"column":14},"end":{"line":2,"column":30}},"2":{"start":{"line":6,"column":4},"end":{"line":35,"column":5}},"3":{"start":{"line":7,"column":26},"end":{"line":7,"column":36}},"4":{"start":{"line":8,"column":21},"end":{"line":11,"column":8}},"5":{"start":{"line":12,"column":6},"end":{"line":27,"column":9}},"6":{"start":{"line":13,"column":8},"end":{"line":26,"column":10}},"7":{"start":{"line":30,"column":27},"end":{"line":30,"column":54}},"8":{"start":{"line":31,"column":6},"end":{"line":31,"column":33}},"9":{"start":{"line":32,"column":6},"end":{"line":32,"column":55}},"10":{"start":{"line":34,"column":6},"end":{"line":34,"column":18}},"11":{"start":{"line":39,"column":0},"end":{"line":39,"column":34}}},"fnMap":{"0":{"name":"(anonymous_0)","decl":{"start":{"line":5,"column":2},"end":{"line":5,"column":3}},"loc":{"start":{"line":5,"column":43},"end":{"line":36,"column":3}},"line":5},"1":{"name":"(anonymous_1)","decl":{"start":{"line":12,"column":27},"end":{"line":12,"column":28}},"loc":{"start":{"line":12,"column":38},"end":{"line":27,"column":7}},"line":12}},"branchMap":{},"s":{"0":3,"1":3,"2":0,"3":0,"4":0,"5":0,"6":0,"7":0,"8":0,"9":0,"10":0,"11":3},"f":{"0":0,"1":0},"b":{},"_coverageSchema":"1a1c01bbd47fc00a2c39e90264f33305004495a9","hash":"791d9003c7b7c265167e69b142ca798effeddcdb"}
,"E:\\4. Bootcamp\\Hacktiv8\\Phase2\\Week3\\Individual Project\\ip-anantaihza\\server\\controllers\\paymentController.js": {"path":"E:\\4. Bootcamp\\Hacktiv8\\Phase2\\Week3\\Individual Project\\ip-anantaihza\\server\\controllers\\paymentController.js","statementMap":{"0":{"start":{"line":1,"column":23},"end":{"line":1,"column":49}},"1":{"start":{"line":2,"column":18},"end":{"line":2,"column":38}},"2":{"start":{"line":6,"column":4},"end":{"line":45,"column":5}},"3":{"start":{"line":7,"column":17},"end":{"line":11,"column":8}},"4":{"start":{"line":13,"column":20},"end":{"line":13,"column":44}},"5":{"start":{"line":14,"column":19},"end":{"line":14,"column":24}},"6":{"start":{"line":15,"column":22},"end":{"line":30,"column":7}},"7":{"start":{"line":32,"column":26},"end":{"line":32,"column":65}},"8":{"start":{"line":33,"column":29},"end":{"line":33,"column":46}},"9":{"start":{"line":36,"column":6},"end":{"line":40,"column":8}},"10":{"start":{"line":42,"column":6},"end":{"line":42,"column":84}},"11":{"start":{"line":44,"column":6},"end":{"line":44,"column":18}},"12":{"start":{"line":49,"column":0},"end":{"line":49,"column":35}}},"fnMap":{"0":{"name":"(anonymous_0)","decl":{"start":{"line":5,"column":2},"end":{"line":5,"column":3}},"loc":{"start":{"line":5,"column":48},"end":{"line":46,"column":3}},"line":5}},"branchMap":{},"s":{"0":3,"1":3,"2":0,"3":0,"4":0,"5":0,"6":0,"7":0,"8":0,"9":0,"10":0,"11":0,"12":3},"f":{"0":0},"b":{},"_coverageSchema":"1a1c01bbd47fc00a2c39e90264f33305004495a9","hash":"7ac8ad646eeed7c985885a7c5cc3636d00b97740"}
,"E:\\4. Bootcamp\\Hacktiv8\\Phase2\\Week3\\Individual Project\\ip-anantaihza\\server\\controllers\\subscribeController.js": {"path":"E:\\4. Bootcamp\\Hacktiv8\\Phase2\\Week3\\Individual Project\\ip-anantaihza\\server\\controllers\\subscribeController.js","statementMap":{"0":{"start":{"line":1,"column":14},"end":{"line":1,"column":30}},"1":{"start":{"line":2,"column":46},"end":{"line":2,"column":66}},"2":{"start":{"line":3,"column":15},"end":{"line":3,"column":35}},"3":{"start":{"line":7,"column":4},"end":{"line":21,"column":5}},"4":{"start":{"line":8,"column":21},"end":{"line":8,"column":29}},"5":{"start":{"line":9,"column":25},"end":{"line":16,"column":8}},"6":{"start":{"line":18,"column":6},"end":{"line":18,"column":45}},"7":{"start":{"line":20,"column":6},"end":{"line":20,"column":18}},"8":{"start":{"line":25,"column":4},"end":{"line":74,"column":5}},"9":{"start":{"line":26,"column":21},"end":{"line":26,"column":29}},"10":{"start":{"line":27,"column":25},"end":{"line":27,"column":33}},"11":{"start":{"line":29,"column":23},"end":{"line":32,"column":8}},"12":{"start":{"line":34,"column":21},"end":{"line":65,"column":8}},"13":{"start":{"line":35,"column":38},"end":{"line":50,"column":10}},"14":{"start":{"line":52,"column":46},"end":{"line":62,"column":10}},"15":{"start":{"line":64,"column":8},"end":{"line":64,"column":25}},"16":{"start":{"line":67,"column":6},"end":{"line":67,"column":26}},"17":{"start":{"line":68,"column":6},"end":{"line":71,"column":9}},"18":{"start":{"line":73,"column":6},"end":{"line":73,"column":18}},"19":{"start":{"line":78,"column":4},"end":{"line":98,"column":5}},"20":{"start":{"line":79,"column":30},"end":{"line":79,"column":40}},"21":{"start":{"line":80,"column":26},"end":{"line":80,"column":39}},"22":{"start":{"line":82,"column":6},"end":{"line":91,"column":8}},"23":{"start":{"line":93,"column":6},"end":{"line":95,"column":9}},"24":{"start":{"line":97,"column":6},"end":{"line":97,"column":18}},"25":{"start":{"line":102,"column":4},"end":{"line":115,"column":5}},"26":{"start":{"line":103,"column":30},"end":{"line":103,"column":40}},"27":{"start":{"line":104,"column":6},"end":{"line":108,"column":8}},"28":{"start":{"line":110,"column":6},"end":{"line":112,"column":8}},"29":{"start":{"line":114,"column":6},"end":{"line":114,"column":18}},"30":{"start":{"line":119,"column":4},"end":{"line":137,"column":5}},"31":{"start":{"line":120,"column":30},"end":{"line":120,"column":40}},"32":{"start":{"line":121,"column":6},"end":{"line":130,"column":8}},"33":{"start":{"line":132,"column":6},"end":{"line":134,"column":9}},"34":{"start":{"line":136,"column":6},"end":{"line":136,"column":18}},"35":{"start":{"line":141,"column":4},"end":{"line":159,"column":5}},"36":{"start":{"line":142,"column":30},"end":{"line":142,"column":40}},"37":{"start":{"line":143,"column":6},"end":{"line":152,"column":8}},"38":{"start":{"line":154,"column":6},"end":{"line":156,"column":9}},"39":{"start":{"line":158,"column":6},"end":{"line":158,"column":18}},"40":{"start":{"line":163,"column":4},"end":{"line":181,"column":5}},"41":{"start":{"line":164,"column":30},"end":{"line":164,"column":40}},"42":{"start":{"line":165,"column":6},"end":{"line":174,"column":8}},"43":{"start":{"line":176,"column":6},"end":{"line":178,"column":9}},"44":{"start":{"line":180,"column":6},"end":{"line":180,"column":18}},"45":{"start":{"line":185,"column":0},"end":{"line":185,"column":37}}},"fnMap":{"0":{"name":"(anonymous_0)","decl":{"start":{"line":6,"column":2},"end":{"line":6,"column":3}},"loc":{"start":{"line":6,"column":44},"end":{"line":22,"column":3}},"line":6},"1":{"name":"(anonymous_1)","decl":{"start":{"line":24,"column":2},"end":{"line":24,"column":3}},"loc":{"start":{"line":24,"column":45},"end":{"line":75,"column":3}},"line":24},"2":{"name":"(anonymous_2)","decl":{"start":{"line":34,"column":49},"end":{"line":34,"column":50}},"loc":{"start":{"line":34,"column":62},"end":{"line":65,"column":7}},"line":34},"3":{"name":"(anonymous_3)","decl":{"start":{"line":77,"column":2},"end":{"line":77,"column":3}},"loc":{"start":{"line":77,"column":47},"end":{"line":99,"column":3}},"line":77},"4":{"name":"(anonymous_4)","decl":{"start":{"line":101,"column":2},"end":{"line":101,"column":3}},"loc":{"start":{"line":101,"column":47},"end":{"line":116,"column":3}},"line":101},"5":{"name":"(anonymous_5)","decl":{"start":{"line":118,"column":2},"end":{"line":118,"column":3}},"loc":{"start":{"line":118,"column":53},"end":{"line":138,"column":3}},"line":118},"6":{"name":"(anonymous_6)","decl":{"start":{"line":140,"column":2},"end":{"line":140,"column":3}},"loc":{"start":{"line":140,"column":58},"end":{"line":160,"column":3}},"line":140},"7":{"name":"(anonymous_7)","decl":{"start":{"line":162,"column":2},"end":{"line":162,"column":3}},"loc":{"start":{"line":162,"column":55},"end":{"line":182,"column":3}},"line":162}},"branchMap":{},"s":{"0":3,"1":3,"2":3,"3":1,"4":1,"5":1,"6":1,"7":0,"8":2,"9":2,"10":2,"11":2,"12":1,"13":1,"14":1,"15":1,"16":1,"17":1,"18":1,"19":1,"20":1,"21":1,"22":1,"23":1,"24":0,"25":1,"26":1,"27":1,"28":1,"29":0,"30":1,"31":1,"32":1,"33":1,"34":0,"35":1,"36":1,"37":1,"38":1,"39":0,"40":1,"41":1,"42":1,"43":1,"44":0,"45":3},"f":{"0":1,"1":2,"2":1,"3":1,"4":1,"5":1,"6":1,"7":1},"b":{},"_coverageSchema":"1a1c01bbd47fc00a2c39e90264f33305004495a9","hash":"c3d2fb927144e3a1f06b8987fc162089eaed7f79"}
,"E:\\4. Bootcamp\\Hacktiv8\\Phase2\\Week3\\Individual Project\\ip-anantaihza\\server\\helpers\\bcrypt.js": {"path":"E:\\4. Bootcamp\\Hacktiv8\\Phase2\\Week3\\Individual Project\\ip-anantaihza\\server\\helpers\\bcrypt.js","statementMap":{"0":{"start":{"line":1,"column":15},"end":{"line":1,"column":34}},"1":{"start":{"line":3,"column":21},"end":{"line":8,"column":1}},"2":{"start":{"line":4,"column":15},"end":{"line":4,"column":37}},"3":{"start":{"line":5,"column":15},"end":{"line":5,"column":46}},"4":{"start":{"line":7,"column":2},"end":{"line":7,"column":14}},"5":{"start":{"line":10,"column":24},"end":{"line":12,"column":1}},"6":{"start":{"line":11,"column":2},"end":{"line":11,"column":52}},"7":{"start":{"line":14,"column":0},"end":{"line":17,"column":1}}},"fnMap":{"0":{"name":"(anonymous_0)","decl":{"start":{"line":3,"column":21},"end":{"line":3,"column":22}},"loc":{"start":{"line":3,"column":35},"end":{"line":8,"column":1}},"line":3},"1":{"name":"(anonymous_1)","decl":{"start":{"line":10,"column":24},"end":{"line":10,"column":25}},"loc":{"start":{"line":10,"column":52},"end":{"line":12,"column":1}},"line":10}},"branchMap":{},"s":{"0":3,"1":3,"2":4,"3":4,"4":4,"5":3,"6":1,"7":3},"f":{"0":4,"1":1},"b":{},"_coverageSchema":"1a1c01bbd47fc00a2c39e90264f33305004495a9","hash":"cfd703209d7e24df2b27b47a4dd1803582a74b2e"}
,"E:\\4. Bootcamp\\Hacktiv8\\Phase2\\Week3\\Individual Project\\ip-anantaihza\\server\\helpers\\jwt.js": {"path":"E:\\4. Bootcamp\\Hacktiv8\\Phase2\\Week3\\Individual Project\\ip-anantaihza\\server\\helpers\\jwt.js","statementMap":{"0":{"start":{"line":1,"column":12},"end":{"line":1,"column":35}},"1":{"start":{"line":2,"column":19},"end":{"line":2,"column":41}},"2":{"start":{"line":4,"column":18},"end":{"line":6,"column":1}},"3":{"start":{"line":5,"column":2},"end":{"line":5,"column":35}},"4":{"start":{"line":8,"column":20},"end":{"line":10,"column":1}},"5":{"start":{"line":9,"column":2},"end":{"line":9,"column":38}},"6":{"start":{"line":12,"column":0},"end":{"line":15,"column":1}}},"fnMap":{"0":{"name":"(anonymous_0)","decl":{"start":{"line":4,"column":18},"end":{"line":4,"column":19}},"loc":{"start":{"line":4,"column":28},"end":{"line":6,"column":1}},"line":4},"1":{"name":"(anonymous_1)","decl":{"start":{"line":8,"column":20},"end":{"line":8,"column":21}},"loc":{"start":{"line":8,"column":31},"end":{"line":10,"column":1}},"line":8}},"branchMap":{},"s":{"0":3,"1":3,"2":3,"3":4,"4":3,"5":14,"6":3},"f":{"0":4,"1":14},"b":{},"_coverageSchema":"1a1c01bbd47fc00a2c39e90264f33305004495a9","hash":"45e23a6d8070955b1237dabb49958c1df9c59390"}
,"E:\\4. Bootcamp\\Hacktiv8\\Phase2\\Week3\\Individual Project\\ip-anantaihza\\server\\helpers\\openai.js": {"path":"E:\\4. Bootcamp\\Hacktiv8\\Phase2\\Week3\\Individual Project\\ip-anantaihza\\server\\helpers\\openai.js","statementMap":{"0":{"start":{"line":1,"column":19},"end":{"line":1,"column":36}},"1":{"start":{"line":2,"column":0},"end":{"line":2,"column":27}},"2":{"start":{"line":4,"column":0},"end":{"line":30,"column":2}},"3":{"start":{"line":5,"column":17},"end":{"line":5,"column":29}},"4":{"start":{"line":7,"column":15},"end":{"line":21,"column":3}},"5":{"start":{"line":23,"column":21},"end":{"line":26,"column":4}},"6":{"start":{"line":28,"column":2},"end":{"line":28,"column":53}},"7":{"start":{"line":29,"column":2},"end":{"line":29,"column":47}}},"fnMap":{"0":{"name":"openAI","decl":{"start":{"line":4,"column":32},"end":{"line":4,"column":38}},"loc":{"start":{"line":4,"column":54},"end":{"line":30,"column":1}},"line":4}},"branchMap":{},"s":{"0":3,"1":3,"2":3,"3":0,"4":0,"5":0,"6":0,"7":0},"f":{"0":0},"b":{},"_coverageSchema":"1a1c01bbd47fc00a2c39e90264f33305004495a9","hash":"3f070fecb6d2f4495a2bf2899d5ddc181fdfc192"}
,"E:\\4. Bootcamp\\Hacktiv8\\Phase2\\Week3\\Individual Project\\ip-anantaihza\\server\\middlewares\\authentication.js": {"path":"E:\\4. Bootcamp\\Hacktiv8\\Phase2\\Week3\\Individual Project\\ip-anantaihza\\server\\middlewares\\authentication.js","statementMap":{"0":{"start":{"line":1,"column":17},"end":{"line":1,"column":37}},"1":{"start":{"line":2,"column":24},"end":{"line":2,"column":49}},"2":{"start":{"line":4,"column":23},"end":{"line":29,"column":1}},"3":{"start":{"line":5,"column":2},"end":{"line":28,"column":3}},"4":{"start":{"line":6,"column":25},"end":{"line":6,"column":50}},"5":{"start":{"line":7,"column":4},"end":{"line":7,"column":54}},"6":{"start":{"line":7,"column":23},"end":{"line":7,"column":54}},"7":{"start":{"line":9,"column":26},"end":{"line":9,"column":49}},"8":{"start":{"line":10,"column":4},"end":{"line":10,"column":58}},"9":{"start":{"line":10,"column":27},"end":{"line":10,"column":58}},"10":{"start":{"line":12,"column":20},"end":{"line":12,"column":38}},"11":{"start":{"line":14,"column":17},"end":{"line":14,"column":48}},"12":{"start":{"line":15,"column":4},"end":{"line":15,"column":45}},"13":{"start":{"line":15,"column":14},"end":{"line":15,"column":45}},"14":{"start":{"line":17,"column":4},"end":{"line":23,"column":6}},"15":{"start":{"line":24,"column":4},"end":{"line":24,"column":11}},"16":{"start":{"line":27,"column":4},"end":{"line":27,"column":15}},"17":{"start":{"line":31,"column":0},"end":{"line":31,"column":32}}},"fnMap":{"0":{"name":"(anonymous_0)","decl":{"start":{"line":4,"column":23},"end":{"line":4,"column":24}},"loc":{"start":{"line":4,"column":49},"end":{"line":29,"column":1}},"line":4}},"branchMap":{"0":{"loc":{"start":{"line":7,"column":4},"end":{"line":7,"column":54}},"type":"if","locations":[{"start":{"line":7,"column":4},"end":{"line":7,"column":54}},{"start":{},"end":{}}],"line":7},"1":{"loc":{"start":{"line":10,"column":4},"end":{"line":10,"column":58}},"type":"if","locations":[{"start":{"line":10,"column":4},"end":{"line":10,"column":58}},{"start":{},"end":{}}],"line":10},"2":{"loc":{"start":{"line":15,"column":4},"end":{"line":15,"column":45}},"type":"if","locations":[{"start":{"line":15,"column":4},"end":{"line":15,"column":45}},{"start":{},"end":{}}],"line":15}},"s":{"0":3,"1":3,"2":3,"3":15,"4":15,"5":15,"6":1,"7":14,"8":14,"9":0,"10":14,"11":12,"12":12,"13":0,"14":12,"15":12,"16":3,"17":3},"f":{"0":15},"b":{"0":[1,14],"1":[0,14],"2":[0,12]},"_coverageSchema":"1a1c01bbd47fc00a2c39e90264f33305004495a9","hash":"6ebd23d375e8869b11b52fb2acc183ea7fe08d7d"}
,"E:\\4. Bootcamp\\Hacktiv8\\Phase2\\Week3\\Individual Project\\ip-anantaihza\\server\\middlewares\\authorization.js": {"path":"E:\\4. Bootcamp\\Hacktiv8\\Phase2\\Week3\\Individual Project\\ip-anantaihza\\server\\middlewares\\authorization.js","statementMap":{"0":{"start":{"line":1,"column":22},"end":{"line":1,"column":42}},"1":{"start":{"line":3,"column":31},"end":{"line":21,"column":1}},"2":{"start":{"line":4,"column":2},"end":{"line":20,"column":3}},"3":{"start":{"line":5,"column":28},"end":{"line":5,"column":38}},"4":{"start":{"line":7,"column":22},"end":{"line":7,"column":59}},"5":{"start":{"line":9,"column":4},"end":{"line":9,"column":47}},"6":{"start":{"line":9,"column":20},"end":{"line":9,"column":47}},"7":{"start":{"line":11,"column":4},"end":{"line":11,"column":70}},"8":{"start":{"line":11,"column":42},"end":{"line":11,"column":70}},"9":{"start":{"line":13,"column":4},"end":{"line":15,"column":6}},"10":{"start":{"line":17,"column":4},"end":{"line":17,"column":11}},"11":{"start":{"line":19,"column":4},"end":{"line":19,"column":16}},"12":{"start":{"line":23,"column":0},"end":{"line":25,"column":2}}},"fnMap":{"0":{"name":"(anonymous_0)","decl":{"start":{"line":3,"column":31},"end":{"line":3,"column":32}},"loc":{"start":{"line":3,"column":57},"end":{"line":21,"column":1}},"line":3}},"branchMap":{"0":{"loc":{"start":{"line":9,"column":4},"end":{"line":9,"column":47}},"type":"if","locations":[{"start":{"line":9,"column":4},"end":{"line":9,"column":47}},{"start":{},"end":{}}],"line":9},"1":{"loc":{"start":{"line":11,"column":4},"end":{"line":11,"column":70}},"type":"if","locations":[{"start":{"line":11,"column":4},"end":{"line":11,"column":70}},{"start":{},"end":{}}],"line":11}},"s":{"0":3,"1":3,"2":5,"3":5,"4":5,"5":5,"6":0,"7":5,"8":0,"9":5,"10":5,"11":0,"12":3},"f":{"0":5},"b":{"0":[0,5],"1":[0,5]},"_coverageSchema":"1a1c01bbd47fc00a2c39e90264f33305004495a9","hash":"e8c0ada37c0e2c78703a23fa4fcd2540b06cb045"}
,"E:\\4. Bootcamp\\Hacktiv8\\Phase2\\Week3\\Individual Project\\ip-anantaihza\\server\\middlewares\\errorHandler.js": {"path":"E:\\4. Bootcamp\\Hacktiv8\\Phase2\\Week3\\Individual Project\\ip-anantaihza\\server\\middlewares\\errorHandler.js","statementMap":{"0":{"start":{"line":2,"column":15},"end":{"line":2,"column":32}},"1":{"start":{"line":3,"column":16},"end":{"line":3,"column":54}},"2":{"start":{"line":4,"column":2},"end":{"line":43,"column":3}},"3":{"start":{"line":6,"column":6},"end":{"line":6,"column":19}},"4":{"start":{"line":7,"column":6},"end":{"line":7,"column":33}},"5":{"start":{"line":8,"column":6},"end":{"line":8,"column":12}},"6":{"start":{"line":10,"column":6},"end":{"line":10,"column":19}},"7":{"start":{"line":11,"column":6},"end":{"line":11,"column":38}},"8":{"start":{"line":12,"column":6},"end":{"line":12,"column":12}},"9":{"start":{"line":14,"column":6},"end":{"line":14,"column":19}},"10":{"start":{"line":15,"column":6},"end":{"line":15,"column":37}},"11":{"start":{"line":16,"column":6},"end":{"line":16,"column":12}},"12":{"start":{"line":18,"column":6},"end":{"line":18,"column":19}},"13":{"start":{"line":19,"column":6},"end":{"line":19,"column":41}},"14":{"start":{"line":20,"column":6},"end":{"line":20,"column":12}},"15":{"start":{"line":22,"column":6},"end":{"line":22,"column":19}},"16":{"start":{"line":23,"column":6},"end":{"line":23,"column":41}},"17":{"start":{"line":24,"column":6},"end":{"line":24,"column":12}},"18":{"start":{"line":27,"column":6},"end":{"line":27,"column":19}},"19":{"start":{"line":28,"column":6},"end":{"line":28,"column":12}},"20":{"start":{"line":30,"column":6},"end":{"line":30,"column":19}},"21":{"start":{"line":31,"column":6},"end":{"line":31,"column":93}},"22":{"start":{"line":32,"column":6},"end":{"line":32,"column":12}},"23":{"start":{"line":35,"column":6},"end":{"line":35,"column":19}},"24":{"start":{"line":36,"column":6},"end":{"line":36,"column":32}},"25":{"start":{"line":37,"column":6},"end":{"line":37,"column":12}},"26":{"start":{"line":40,"column":6},"end":{"line":40,"column":19}},"27":{"start":{"line":41,"column":6},"end":{"line":41,"column":51}},"28":{"start":{"line":41,"column":39},"end":{"line":41,"column":49}},"29":{"start":{"line":42,"column":6},"end":{"line":42,"column":12}},"30":{"start":{"line":44,"column":2},"end":{"line":44,"column":39}},"31":{"start":{"line":47,"column":0},"end":{"line":47,"column":30}}},"fnMap":{"0":{"name":"errorHandler","decl":{"start":{"line":1,"column":9},"end":{"line":1,"column":21}},"loc":{"start":{"line":1,"column":43},"end":{"line":45,"column":1}},"line":1},"1":{"name":"(anonymous_1)","decl":{"start":{"line":41,"column":31},"end":{"line":41,"column":32}},"loc":{"start":{"line":41,"column":39},"end":{"line":41,"column":49}},"line":41}},"branchMap":{"0":{"loc":{"start":{"line":2,"column":15},"end":{"line":2,"column":32}},"type":"binary-expr","locations":[{"start":{"line":2,"column":15},"end":{"line":2,"column":25}},{"start":{"line":2,"column":29},"end":{"line":2,"column":32}}],"line":2},"1":{"loc":{"start":{"line":3,"column":16},"end":{"line":3,"column":54}},"type":"binary-expr","locations":[{"start":{"line":3,"column":16},"end":{"line":3,"column":27}},{"start":{"line":3,"column":31},"end":{"line":3,"column":54}}],"line":3},"2":{"loc":{"start":{"line":4,"column":2},"end":{"line":43,"column":3}},"type":"switch","locations":[{"start":{"line":5,"column":4},"end":{"line":8,"column":12}},{"start":{"line":9,"column":4},"end":{"line":12,"column":12}},{"start":{"line":13,"column":4},"end":{"line":16,"column":12}},{"start":{"line":17,"column":4},"end":{"line":20,"column":12}},{"start":{"line":21,"column":4},"end":{"line":24,"column":12}},{"start":{"line":26,"column":4},"end":{"line":28,"column":12}},{"start":{"line":29,"column":4},"end":{"line":32,"column":12}},{"start":{"line":33,"column":4},"end":{"line":33,"column":27}},{"start":{"line":34,"column":4},"end":{"line":37,"column":12}},{"start":{"line":38,"column":4},"end":{"line":38,"column":36}},{"start":{"line":39,"column":4},"end":{"line":42,"column":12}}],"line":4}},"s":{"0":6,"1":6,"2":6,"3":0,"4":0,"5":0,"6":0,"7":0,"8":0,"9":0,"10":0,"11":0,"12":0,"13":0,"14":0,"15":0,"16":0,"17":0,"18":1,"19":1,"20":0,"21":0,"22":0,"23":3,"24":3,"25":3,"26":1,"27":1,"28":3,"29":1,"30":6,"31":3},"f":{"0":6,"1":3},"b":{"0":[6,6],"1":[6,1],"2":[0,0,0,0,0,1,0,1,3,1,1]},"_coverageSchema":"1a1c01bbd47fc00a2c39e90264f33305004495a9","hash":"8b6f4745421a3025d7a217d6c87cc8115468f929"}
,"E:\\4. Bootcamp\\Hacktiv8\\Phase2\\Week3\\Individual Project\\ip-anantaihza\\server\\models\\anime.js": {"path":"E:\\4. Bootcamp\\Hacktiv8\\Phase2\\Week3\\Individual Project\\ip-anantaihza\\server\\models\\anime.js","statementMap":{"0":{"start":{"line":2,"column":18},"end":{"line":2,"column":38}},"1":{"start":{"line":3,"column":0},"end":{"line":121,"column":2}},"2":{"start":{"line":12,"column":6},"end":{"line":12,"column":70}},"3":{"start":{"line":13,"column":6},"end":{"line":13,"column":38}},"4":{"start":{"line":16,"column":2},"end":{"line":119,"column":4}},"5":{"start":{"line":120,"column":2},"end":{"line":120,"column":15}}},"fnMap":{"0":{"name":"(anonymous_0)","decl":{"start":{"line":3,"column":17},"end":{"line":3,"column":18}},"loc":{"start":{"line":3,"column":43},"end":{"line":121,"column":1}},"line":3},"1":{"name":"(anonymous_1)","decl":{"start":{"line":10,"column":4},"end":{"line":10,"column":5}},"loc":{"start":{"line":10,"column":29},"end":{"line":14,"column":5}},"line":10}},"branchMap":{},"s":{"0":3,"1":3,"2":3,"3":3,"4":3,"5":3},"f":{"0":3,"1":3},"b":{},"_coverageSchema":"1a1c01bbd47fc00a2c39e90264f33305004495a9","hash":"9a6aff725fa588278c069778934079419421c932"}
,"E:\\4. Bootcamp\\Hacktiv8\\Phase2\\Week3\\Individual Project\\ip-anantaihza\\server\\models\\index.js": {"path":"E:\\4. Bootcamp\\Hacktiv8\\Phase2\\Week3\\Individual Project\\ip-anantaihza\\server\\models\\index.js","statementMap":{"0":{"start":{"line":3,"column":11},"end":{"line":3,"column":24}},"1":{"start":{"line":4,"column":13},"end":{"line":4,"column":28}},"2":{"start":{"line":5,"column":18},"end":{"line":5,"column":38}},"3":{"start":{"line":6,"column":16},"end":{"line":6,"column":34}},"4":{"start":{"line":7,"column":17},"end":{"line":7,"column":42}},"5":{"start":{"line":8,"column":12},"end":{"line":8,"column":49}},"6":{"start":{"line":9,"column":15},"end":{"line":9,"column":65}},"7":{"start":{"line":10,"column":11},"end":{"line":10,"column":13}},"8":{"start":{"line":13,"column":0},"end":{"line":17,"column":1}},"9":{"start":{"line":14,"column":2},"end":{"line":14,"column":74}},"10":{"start":{"line":16,"column":2},"end":{"line":16,"column":87}},"11":{"start":{"line":19,"column":0},"end":{"line":32,"column":5}},"12":{"start":{"line":22,"column":4},"end":{"line":27,"column":6}},"13":{"start":{"line":30,"column":18},"end":{"line":30,"column":85}},"14":{"start":{"line":31,"column":4},"end":{"line":31,"column":27}},"15":{"start":{"line":34,"column":0},"end":{"line":38,"column":3}},"16":{"start":{"line":35,"column":2},"end":{"line":37,"column":3}},"17":{"start":{"line":36,"column":4},"end":{"line":36,"column":32}},"18":{"start":{"line":40,"column":0},"end":{"line":40,"column":25}},"19":{"start":{"line":41,"column":0},"end":{"line":41,"column":25}},"20":{"start":{"line":43,"column":0},"end":{"line":43,"column":20}}},"fnMap":{"0":{"name":"(anonymous_0)","decl":{"start":{"line":21,"column":10},"end":{"line":21,"column":11}},"loc":{"start":{"line":21,"column":18},"end":{"line":28,"column":3}},"line":21},"1":{"name":"(anonymous_1)","decl":{"start":{"line":29,"column":11},"end":{"line":29,"column":12}},"loc":{"start":{"line":29,"column":19},"end":{"line":32,"column":3}},"line":29},"2":{"name":"(anonymous_2)","decl":{"start":{"line":34,"column":24},"end":{"line":34,"column":25}},"loc":{"start":{"line":34,"column":37},"end":{"line":38,"column":1}},"line":34}},"branchMap":{"0":{"loc":{"start":{"line":8,"column":12},"end":{"line":8,"column":49}},"type":"binary-expr","locations":[{"start":{"line":8,"column":12},"end":{"line":8,"column":32}},{"start":{"line":8,"column":36},"end":{"line":8,"column":49}}],"line":8},"1":{"loc":{"start":{"line":13,"column":0},"end":{"line":17,"column":1}},"type":"if","locations":[{"start":{"line":13,"column":0},"end":{"line":17,"column":1}},{"start":{"line":15,"column":7},"end":{"line":17,"column":1}}],"line":13},"2":{"loc":{"start":{"line":23,"column":6},"end":{"line":26,"column":37}},"type":"binary-expr","locations":[{"start":{"line":23,"column":6},"end":{"line":23,"column":29}},{"start":{"line":24,"column":6},"end":{"line":24,"column":23}},{"start":{"line":25,"column":6},"end":{"line":25,"column":30}},{"start":{"line":26,"column":6},"end":{"line":26,"column":37}}],"line":23},"3":{"loc":{"start":{"line":35,"column":2},"end":{"line":37,"column":3}},"type":"if","locations":[{"start":{"line":35,"column":2},"end":{"line":37,"column":3}},{"start":{},"end":{}}],"line":35}},"s":{"0":3,"1":3,"2":3,"3":3,"4":3,"5":3,"6":3,"7":3,"8":3,"9":0,"10":3,"11":3,"12":15,"13":12,"14":12,"15":3,"16":12,"17":12,"18":3,"19":3,"20":3},"f":{"0":15,"1":12,"2":12},"b":{"0":[3,0],"1":[0,3],"2":[15,15,12,12],"3":[12,0]},"_coverageSchema":"1a1c01bbd47fc00a2c39e90264f33305004495a9","hash":"c9928b1c0d8bf11f00700826d4e5b8557bf10a53"}
,"E:\\4. Bootcamp\\Hacktiv8\\Phase2\\Week3\\Individual Project\\ip-anantaihza\\server\\models\\order.js": {"path":"E:\\4. Bootcamp\\Hacktiv8\\Phase2\\Week3\\Individual Project\\ip-anantaihza\\server\\models\\order.js","statementMap":{"0":{"start":{"line":2,"column":18},"end":{"line":2,"column":38}},"1":{"start":{"line":3,"column":0},"end":{"line":39,"column":2}},"2":{"start":{"line":12,"column":6},"end":{"line":12,"column":35}},"3":{"start":{"line":15,"column":2},"end":{"line":37,"column":4}},"4":{"start":{"line":38,"column":2},"end":{"line":38,"column":15}}},"fnMap":{"0":{"name":"(anonymous_0)","decl":{"start":{"line":3,"column":17},"end":{"line":3,"column":18}},"loc":{"start":{"line":3,"column":43},"end":{"line":39,"column":1}},"line":3},"1":{"name":"(anonymous_1)","decl":{"start":{"line":10,"column":4},"end":{"line":10,"column":5}},"loc":{"start":{"line":10,"column":29},"end":{"line":13,"column":5}},"line":10}},"branchMap":{},"s":{"0":3,"1":3,"2":3,"3":3,"4":3},"f":{"0":3,"1":3},"b":{},"_coverageSchema":"1a1c01bbd47fc00a2c39e90264f33305004495a9","hash":"0346fffd518c8a9161748154050bc73b6fc68942"}
,"E:\\4. Bootcamp\\Hacktiv8\\Phase2\\Week3\\Individual Project\\ip-anantaihza\\server\\models\\subscribe.js": {"path":"E:\\4. Bootcamp\\Hacktiv8\\Phase2\\Week3\\Individual Project\\ip-anantaihza\\server\\models\\subscribe.js","statementMap":{"0":{"start":{"line":2,"column":18},"end":{"line":2,"column":38}},"1":{"start":{"line":3,"column":0},"end":{"line":63,"column":2}},"2":{"start":{"line":12,"column":6},"end":{"line":12,"column":39}},"3":{"start":{"line":13,"column":6},"end":{"line":13,"column":40}},"4":{"start":{"line":16,"column":2},"end":{"line":61,"column":4}},"5":{"start":{"line":54,"column":10},"end":{"line":54,"column":35}},"6":{"start":{"line":55,"column":10},"end":{"line":55,"column":32}},"7":{"start":{"line":62,"column":2},"end":{"line":62,"column":19}}},"fnMap":{"0":{"name":"(anonymous_0)","decl":{"start":{"line":3,"column":17},"end":{"line":3,"column":18}},"loc":{"start":{"line":3,"column":43},"end":{"line":63,"column":1}},"line":3},"1":{"name":"(anonymous_1)","decl":{"start":{"line":10,"column":4},"end":{"line":10,"column":5}},"loc":{"start":{"line":10,"column":29},"end":{"line":14,"column":5}},"line":10},"2":{"name":"(anonymous_2)","decl":{"start":{"line":53,"column":22},"end":{"line":53,"column":23}},"loc":{"start":{"line":53,"column":36},"end":{"line":56,"column":9}},"line":53}},"branchMap":{},"s":{"0":3,"1":3,"2":3,"3":3,"4":3,"5":0,"6":0,"7":3},"f":{"0":3,"1":3,"2":0},"b":{},"_coverageSchema":"1a1c01bbd47fc00a2c39e90264f33305004495a9","hash":"1cc8653b8af64c421154f0ff13963d4212760f20"}
,"E:\\4. Bootcamp\\Hacktiv8\\Phase2\\Week3\\Individual Project\\ip-anantaihza\\server\\models\\user.js": {"path":"E:\\4. Bootcamp\\Hacktiv8\\Phase2\\Week3\\Individual Project\\ip-anantaihza\\server\\models\\user.js","statementMap":{"0":{"start":{"line":3,"column":18},"end":{"line":3,"column":38}},"1":{"start":{"line":4,"column":25},"end":{"line":4,"column":53}},"2":{"start":{"line":5,"column":0},"end":{"line":81,"column":2}},"3":{"start":{"line":14,"column":6},"end":{"line":17,"column":9}},"4":{"start":{"line":18,"column":6},"end":{"line":18,"column":37}},"5":{"start":{"line":19,"column":6},"end":{"line":19,"column":32}},"6":{"start":{"line":22,"column":2},"end":{"line":79,"column":4}},"7":{"start":{"line":72,"column":10},"end":{"line":72,"column":41}},"8":{"start":{"line":73,"column":10},"end":{"line":73,"column":62}},"9":{"start":{"line":80,"column":2},"end":{"line":80,"column":14}}},"fnMap":{"0":{"name":"(anonymous_0)","decl":{"start":{"line":5,"column":17},"end":{"line":5,"column":18}},"loc":{"start":{"line":5,"column":43},"end":{"line":81,"column":1}},"line":5},"1":{"name":"(anonymous_1)","decl":{"start":{"line":12,"column":4},"end":{"line":12,"column":5}},"loc":{"start":{"line":12,"column":29},"end":{"line":20,"column":5}},"line":12},"2":{"name":"(anonymous_2)","decl":{"start":{"line":71,"column":22},"end":{"line":71,"column":23}},"loc":{"start":{"line":71,"column":36},"end":{"line":74,"column":9}},"line":71}},"branchMap":{},"s":{"0":3,"1":3,"2":3,"3":3,"4":3,"5":3,"6":3,"7":1,"8":1,"9":3},"f":{"0":3,"1":3,"2":1},"b":{},"_coverageSchema":"1a1c01bbd47fc00a2c39e90264f33305004495a9","hash":"0f06656f287a368536b3d1a3cc30fd50cbe1462e"}
,"E:\\4. Bootcamp\\Hacktiv8\\Phase2\\Week3\\Individual Project\\ip-anantaihza\\server\\routes\\anime.js": {"path":"E:\\4. Bootcamp\\Hacktiv8\\Phase2\\Week3\\Individual Project\\ip-anantaihza\\server\\routes\\anime.js","statementMap":{"0":{"start":{"line":1,"column":24},"end":{"line":1,"column":65}},"1":{"start":{"line":3,"column":15},"end":{"line":3,"column":42}},"2":{"start":{"line":5,"column":0},"end":{"line":5,"column":42}},"3":{"start":{"line":6,"column":0},"end":{"line":6,"column":62}},"4":{"start":{"line":7,"column":0},"end":{"line":7,"column":49}},"5":{"start":{"line":8,"column":0},"end":{"line":8,"column":69}},"6":{"start":{"line":9,"column":0},"end":{"line":9,"column":66}},"7":{"start":{"line":11,"column":0},"end":{"line":11,"column":24}}},"fnMap":{},"branchMap":{},"s":{"0":3,"1":3,"2":3,"3":3,"4":3,"5":3,"6":3,"7":3},"f":{},"b":{},"_coverageSchema":"1a1c01bbd47fc00a2c39e90264f33305004495a9","hash":"ef1be31e76d62685fc1836a69e412fc814faa7a2"}
,"E:\\4. Bootcamp\\Hacktiv8\\Phase2\\Week3\\Individual Project\\ip-anantaihza\\server\\routes\\index.js": {"path":"E:\\4. Bootcamp\\Hacktiv8\\Phase2\\Week3\\Individual Project\\ip-anantaihza\\server\\routes\\index.js","statementMap":{"0":{"start":{"line":1,"column":15},"end":{"line":1,"column":42}},"1":{"start":{"line":3,"column":23},"end":{"line":3,"column":63}},"2":{"start":{"line":4,"column":19},"end":{"line":4,"column":55}},"3":{"start":{"line":5,"column":26},"end":{"line":5,"column":69}},"4":{"start":{"line":6,"column":23},"end":{"line":6,"column":63}},"5":{"start":{"line":8,"column":21},"end":{"line":8,"column":59}},"6":{"start":{"line":9,"column":21},"end":{"line":9,"column":40}},"7":{"start":{"line":10,"column":20},"end":{"line":10,"column":38}},"8":{"start":{"line":11,"column":22},"end":{"line":11,"column":42}},"9":{"start":{"line":12,"column":24},"end":{"line":12,"column":46}},"10":{"start":{"line":17,"column":0},"end":{"line":17,"column":33}},"11":{"start":{"line":19,"column":0},"end":{"line":19,"column":50}},"12":{"start":{"line":20,"column":0},"end":{"line":20,"column":44}},"13":{"start":{"line":21,"column":0},"end":{"line":21,"column":57}},"14":{"start":{"line":23,"column":0},"end":{"line":23,"column":27}},"15":{"start":{"line":25,"column":0},"end":{"line":25,"column":63}},"16":{"start":{"line":27,"column":0},"end":{"line":27,"column":67}},"17":{"start":{"line":29,"column":0},"end":{"line":29,"column":36}},"18":{"start":{"line":31,"column":0},"end":{"line":31,"column":38}},"19":{"start":{"line":33,"column":0},"end":{"line":33,"column":37}},"20":{"start":{"line":35,"column":0},"end":{"line":35,"column":41}},"21":{"start":{"line":37,"column":0},"end":{"line":37,"column":25}},"22":{"start":{"line":39,"column":0},"end":{"line":39,"column":24}}},"fnMap":{},"branchMap":{},"s":{"0":3,"1":3,"2":3,"3":3,"4":3,"5":3,"6":3,"7":3,"8":3,"9":3,"10":3,"11":3,"12":3,"13":3,"14":3,"15":3,"16":3,"17":3,"18":3,"19":3,"20":3,"21":3,"22":3},"f":{},"b":{},"_coverageSchema":"1a1c01bbd47fc00a2c39e90264f33305004495a9","hash":"58c47b3f4cbe7ff8314394459431dfbd54d1732a"}
,"E:\\4. Bootcamp\\Hacktiv8\\Phase2\\Week3\\Individual Project\\ip-anantaihza\\server\\routes\\openai.js": {"path":"E:\\4. Bootcamp\\Hacktiv8\\Phase2\\Week3\\Individual Project\\ip-anantaihza\\server\\routes\\openai.js","statementMap":{"0":{"start":{"line":1,"column":25},"end":{"line":1,"column":67}},"1":{"start":{"line":3,"column":15},"end":{"line":3,"column":42}},"2":{"start":{"line":5,"column":0},"end":{"line":5,"column":47}},"3":{"start":{"line":7,"column":0},"end":{"line":7,"column":24}}},"fnMap":{},"branchMap":{},"s":{"0":3,"1":3,"2":3,"3":3},"f":{},"b":{},"_coverageSchema":"1a1c01bbd47fc00a2c39e90264f33305004495a9","hash":"45230c5433058145698b8eccbf5c89014c30a678"}
,"E:\\4. Bootcamp\\Hacktiv8\\Phase2\\Week3\\Individual Project\\ip-anantaihza\\server\\routes\\profile.js": {"path":"E:\\4. Bootcamp\\Hacktiv8\\Phase2\\Week3\\Individual Project\\ip-anantaihza\\server\\routes\\profile.js","statementMap":{"0":{"start":{"line":1,"column":15},"end":{"line":1,"column":42}},"1":{"start":{"line":2,"column":23},"end":{"line":2,"column":63}},"2":{"start":{"line":5,"column":15},"end":{"line":5,"column":32}},"3":{"start":{"line":6,"column":16},"end":{"line":6,"column":38}},"4":{"start":{"line":8,"column":15},"end":{"line":8,"column":43}},"5":{"start":{"line":11,"column":0},"end":{"line":11,"column":40}},"6":{"start":{"line":12,"column":0},"end":{"line":12,"column":67}},"7":{"start":{"line":14,"column":0},"end":{"line":14,"column":24}}},"fnMap":{},"branchMap":{},"s":{"0":3,"1":3,"2":3,"3":3,"4":3,"5":3,"6":3,"7":3},"f":{},"b":{},"_coverageSchema":"1a1c01bbd47fc00a2c39e90264f33305004495a9","hash":"c8a388075bf9380ffc671985643b96a8f771acb1"}
,"E:\\4. Bootcamp\\Hacktiv8\\Phase2\\Week3\\Individual Project\\ip-anantaihza\\server\\routes\\subscribe.js": {"path":"E:\\4. Bootcamp\\Hacktiv8\\Phase2\\Week3\\Individual Project\\ip-anantaihza\\server\\routes\\subscribe.js","statementMap":{"0":{"start":{"line":1,"column":28},"end":{"line":1,"column":73}},"1":{"start":{"line":2,"column":35},"end":{"line":2,"column":74}},"2":{"start":{"line":4,"column":15},"end":{"line":4,"column":42}},"3":{"start":{"line":6,"column":0},"end":{"line":6,"column":50}},"4":{"start":{"line":7,"column":0},"end":{"line":7,"column":52}},"5":{"start":{"line":8,"column":0},"end":{"line":12,"column":2}},"6":{"start":{"line":13,"column":0},"end":{"line":17,"column":2}},"7":{"start":{"line":18,"column":0},"end":{"line":22,"column":2}},"8":{"start":{"line":23,"column":0},"end":{"line":27,"column":2}},"9":{"start":{"line":28,"column":0},"end":{"line":32,"column":2}},"10":{"start":{"line":34,"column":0},"end":{"line":34,"column":24}}},"fnMap":{},"branchMap":{},"s":{"0":3,"1":3,"2":3,"3":3,"4":3,"5":3,"6":3,"7":3,"8":3,"9":3,"10":3},"f":{},"b":{},"_coverageSchema":"1a1c01bbd47fc00a2c39e90264f33305004495a9","hash":"89aee08ab5a565edfc25b03393736372f9ee1a72"}
}
