TN:
SF:app.js
FNF:0
FNH:0
DA:2,3
DA:3,3
DA:6,3
DA:7,3
DA:8,3
DA:10,3
DA:12,3
DA:13,3
DA:14,3
DA:16,3
DA:19,3
LF:11
LH:11
BRDA:2,0,0,3
BRDA:2,0,1,0
BRF:2
BRH:1
end_of_record
TN:
SF:controllers\authController.js
FN:9,(anonymous_0)
FN:28,(anonymous_1)
FN:56,(anonymous_2)
FN:102,(anonymous_3)
FN:110,(anonymous_4)
FN:153,(anonymous_5)
FNF:6
FNH:3
FNDA:2,(anonymous_0)
FNDA:2,(anonymous_1)
FNDA:0,(anonymous_2)
FNDA:1,(anonymous_3)
FNDA:0,(anonymous_4)
FNDA:0,(anonymous_5)
DA:1,3
DA:2,3
DA:3,3
DA:4,3
DA:5,3
DA:6,3
DA:10,2
DA:11,2
DA:12,2
DA:18,1
DA:24,1
DA:29,2
DA:30,2
DA:31,2
DA:32,1
DA:34,1
DA:39,1
DA:41,1
DA:42,1
DA:44,1
DA:48,1
DA:52,1
DA:57,0
DA:58,0
DA:59,0
DA:61,0
DA:68,0
DA:72,0
DA:73,0
DA:74,0
DA:76,0
DA:88,0
DA:89,0
DA:90,0
DA:94,0
DA:96,0
DA:98,0
DA:103,1
DA:104,1
DA:106,0
DA:111,0
DA:112,0
DA:113,0
DA:115,0
DA:117,0
DA:118,0
DA:121,0
DA:122,0
DA:127,0
DA:129,0
DA:131,0
DA:136,0
DA:139,0
DA:145,0
DA:149,0
DA:154,0
DA:155,0
DA:156,0
DA:161,0
DA:163,0
DA:165,0
DA:167,0
DA:168,0
DA:169,0
DA:179,0
DA:180,0
DA:191,0
DA:202,0
DA:204,0
DA:207,0
DA:212,3
LF:71
LH:25
BRDA:31,0,0,1
BRDA:31,0,1,1
BRDA:31,1,0,2
BRDA:31,1,1,1
BRDA:39,2,0,0
BRDA:39,2,1,1
BRDA:42,3,0,0
BRDA:42,3,1,1
BRDA:88,4,0,0
BRDA:88,4,1,0
BRDA:89,5,0,0
BRDA:89,5,1,0
BRDA:117,6,0,0
BRDA:117,6,1,0
BRDA:121,7,0,0
BRDA:121,7,1,0
BRDA:161,8,0,0
BRDA:161,8,1,0
BRDA:163,9,0,0
BRDA:163,9,1,0
BRDA:165,10,0,0
BRDA:165,10,1,0
BRDA:179,11,0,0
BRDA:179,11,1,0
BRDA:179,12,0,0
BRDA:179,12,1,0
BRF:26
BRH:6
end_of_record
TN:
SF:controllers\controller.js
FN:2,(anonymous_0)
FNF:1
FNH:0
FNDA:0,(anonymous_0)
DA:3,0
DA:9,3
LF:2
LH:1
BRF:0
BRH:0
end_of_record
TN:
SF:controllers\jikanController.js
FN:4,(anonymous_0)
FN:24,(anonymous_1)
FN:43,(anonymous_2)
FN:58,(anonymous_3)
FN:72,(anonymous_4)
FNF:5
FNH:3
FNDA:1,(anonymous_0)
FNDA:1,(anonymous_1)
FNDA:1,(anonymous_2)
FNDA:0,(anonymous_3)
FNDA:0,(anonymous_4)
DA:1,3
DA:5,1
DA:6,1
DA:7,1
DA:9,1
DA:10,0
DA:12,1
DA:17,1
DA:19,0
DA:20,0
DA:25,1
DA:26,1
DA:27,1
DA:29,1
DA:30,0
DA:32,1
DA:37,1
DA:39,0
DA:44,1
DA:45,1
DA:46,1
DA:51,1
DA:53,0
DA:54,0
DA:59,0
DA:60,0
DA:61,0
DA:66,0
DA:68,0
DA:73,0
DA:74,0
DA:75,0
DA:80,0
DA:82,0
DA:89,3
LF:35
LH:18
BRDA:9,0,0,0
BRDA:9,0,1,1
BRDA:29,1,0,0
BRDA:29,1,1,1
BRF:4
BRH:2
end_of_record
TN:
SF:controllers\openaiController.js
FN:5,(anonymous_0)
FN:12,(anonymous_1)
FNF:2
FNH:0
FNDA:0,(anonymous_0)
FNDA:0,(anonymous_1)
DA:1,3
DA:2,3
DA:6,0
DA:7,0
DA:8,0
DA:12,0
DA:13,0
DA:30,0
DA:31,0
DA:32,0
DA:34,0
DA:39,3
LF:12
LH:3
BRF:0
BRH:0
end_of_record
TN:
SF:controllers\paymentController.js
FN:5,(anonymous_0)
FNF:1
FNH:0
FNDA:0,(anonymous_0)
DA:1,3
DA:2,3
DA:6,0
DA:7,0
DA:13,0
DA:14,0
DA:15,0
DA:32,0
DA:33,0
DA:36,0
DA:42,0
DA:44,0
DA:49,3
LF:13
LH:3
BRF:0
BRH:0
end_of_record
TN:
SF:controllers\subscribeController.js
FN:6,(anonymous_0)
FN:24,(anonymous_1)
FN:34,(anonymous_2)
FN:77,(anonymous_3)
FN:101,(anonymous_4)
FN:118,(anonymous_5)
FN:140,(anonymous_6)
FN:162,(anonymous_7)
FNF:8
FNH:8
FNDA:1,(anonymous_0)
FNDA:2,(anonymous_1)
FNDA:1,(anonymous_2)
FNDA:1,(anonymous_3)
FNDA:1,(anonymous_4)
FNDA:1,(anonymous_5)
FNDA:1,(anonymous_6)
FNDA:1,(anonymous_7)
DA:1,3
DA:2,3
DA:3,3
DA:7,1
DA:8,1
DA:9,1
DA:18,1
DA:20,0
DA:25,2
DA:26,2
DA:27,2
DA:29,2
DA:34,1
DA:35,1
DA:52,1
DA:64,1
DA:67,1
DA:68,1
DA:73,1
DA:78,1
DA:79,1
DA:80,1
DA:82,1
DA:93,1
DA:97,0
DA:102,1
DA:103,1
DA:104,1
DA:110,1
DA:114,0
DA:119,1
DA:120,1
DA:121,1
DA:132,1
DA:136,0
DA:141,1
DA:142,1
DA:143,1
DA:154,1
DA:158,0
DA:163,1
DA:164,1
DA:165,1
DA:176,1
DA:180,0
DA:185,3
LF:46
LH:40
BRF:0
BRH:0
end_of_record
TN:
SF:helpers\bcrypt.js
FN:3,(anonymous_0)
FN:10,(anonymous_1)
FNF:2
FNH:2
FNDA:4,(anonymous_0)
FNDA:1,(anonymous_1)
DA:1,3
DA:3,3
DA:4,4
DA:5,4
DA:7,4
DA:10,3
DA:11,1
DA:14,3
LF:8
LH:8
BRF:0
BRH:0
end_of_record
TN:
SF:helpers\jwt.js
FN:4,(anonymous_0)
FN:8,(anonymous_1)
FNF:2
FNH:2
FNDA:4,(anonymous_0)
FNDA:14,(anonymous_1)
DA:1,3
DA:2,3
DA:4,3
DA:5,4
DA:8,3
DA:9,14
DA:12,3
LF:7
LH:7
BRF:0
BRH:0
end_of_record
TN:
SF:helpers\openai.js
FN:4,openAI
FNF:1
FNH:0
FNDA:0,openAI
DA:1,3
DA:2,3
DA:4,3
DA:5,0
DA:7,0
DA:23,0
DA:28,0
DA:29,0
LF:8
LH:3
BRF:0
BRH:0
end_of_record
TN:
SF:middlewares\authentication.js
FN:4,(anonymous_0)
FNF:1
FNH:1
FNDA:15,(anonymous_0)
DA:1,3
DA:2,3
DA:4,3
DA:5,15
DA:6,15
DA:7,15
DA:9,14
DA:10,14
DA:12,14
DA:14,12
DA:15,12
DA:17,12
DA:24,12
DA:27,3
DA:31,3
LF:15
LH:15
BRDA:7,0,0,1
BRDA:7,0,1,14
BRDA:10,1,0,0
BRDA:10,1,1,14
BRDA:15,2,0,0
BRDA:15,2,1,12
BRF:6
BRH:4
end_of_record
TN:
SF:middlewares\authorization.js
FN:3,(anonymous_0)
FNF:1
FNH:1
FNDA:5,(anonymous_0)
DA:1,3
DA:3,3
DA:4,5
DA:5,5
DA:7,5
DA:9,5
DA:11,5
DA:13,5
DA:17,5
DA:19,0
DA:23,3
LF:11
LH:10
BRDA:9,0,0,0
BRDA:9,0,1,5
BRDA:11,1,0,0
BRDA:11,1,1,5
BRF:4
BRH:2
end_of_record
TN:
SF:middlewares\errorHandler.js
FN:1,errorHandler
FN:41,(anonymous_1)
FNF:2
FNH:2
FNDA:6,errorHandler
FNDA:3,(anonymous_1)
DA:2,6
DA:3,6
DA:4,6
DA:6,0
DA:7,0
DA:8,0
DA:10,0
DA:11,0
DA:12,0
DA:14,0
DA:15,0
DA:16,0
DA:18,0
DA:19,0
DA:20,0
DA:22,0
DA:23,0
DA:24,0
DA:27,1
DA:28,1
DA:30,0
DA:31,0
DA:32,0
DA:35,3
DA:36,3
DA:37,3
DA:40,1
DA:41,3
DA:42,1
DA:44,6
DA:47,3
LF:31
LH:13
BRDA:2,0,0,6
BRDA:2,0,1,6
BRDA:3,1,0,6
BRDA:3,1,1,1
BRDA:4,2,0,0
BRDA:4,2,1,0
BRDA:4,2,2,0
BRDA:4,2,3,0
BRDA:4,2,4,0
BRDA:4,2,5,1
BRDA:4,2,6,0
BRDA:4,2,7,1
BRDA:4,2,8,3
BRDA:4,2,9,1
BRDA:4,2,10,1
BRF:15
BRH:9
end_of_record
TN:
SF:models\anime.js
FN:3,(anonymous_0)
FN:10,(anonymous_1)
FNF:2
FNH:2
FNDA:3,(anonymous_0)
FNDA:3,(anonymous_1)
DA:2,3
DA:3,3
DA:12,3
DA:13,3
DA:16,3
DA:120,3
LF:6
LH:6
BRF:0
BRH:0
end_of_record
TN:
SF:models\index.js
FN:21,(anonymous_0)
FN:29,(anonymous_1)
FN:34,(anonymous_2)
FNF:3
FNH:3
FNDA:15,(anonymous_0)
FNDA:12,(anonymous_1)
FNDA:12,(anonymous_2)
DA:3,3
DA:4,3
DA:5,3
DA:6,3
DA:7,3
DA:8,3
DA:9,3
DA:10,3
DA:13,3
DA:14,0
DA:16,3
DA:19,3
DA:22,15
DA:30,12
DA:31,12
DA:34,3
DA:35,12
DA:36,12
DA:40,3
DA:41,3
DA:43,3
LF:21
LH:20
BRDA:8,0,0,3
BRDA:8,0,1,0
BRDA:13,1,0,0
BRDA:13,1,1,3
BRDA:23,2,0,15
BRDA:23,2,1,15
BRDA:23,2,2,12
BRDA:23,2,3,12
BRDA:35,3,0,12
BRDA:35,3,1,0
BRF:10
BRH:7
end_of_record
TN:
SF:models\order.js
FN:3,(anonymous_0)
FN:10,(anonymous_1)
FNF:2
FNH:2
FNDA:3,(anonymous_0)
FNDA:3,(anonymous_1)
DA:2,3
DA:3,3
DA:12,3
DA:15,3
DA:38,3
LF:5
LH:5
BRF:0
BRH:0
end_of_record
TN:
SF:models\subscribe.js
FN:3,(anonymous_0)
FN:10,(anonymous_1)
FN:53,(anonymous_2)
FNF:3
FNH:2
FNDA:3,(anonymous_0)
FNDA:3,(anonymous_1)
FNDA:0,(anonymous_2)
DA:2,3
DA:3,3
DA:12,3
DA:13,3
DA:16,3
DA:54,0
DA:55,0
DA:62,3
LF:8
LH:6
BRF:0
BRH:0
end_of_record
TN:
SF:models\user.js
FN:5,(anonymous_0)
FN:12,(anonymous_1)
FN:71,(anonymous_2)
FNF:3
FNH:3
FNDA:3,(anonymous_0)
FNDA:3,(anonymous_1)
FNDA:1,(anonymous_2)
DA:3,3
DA:4,3
DA:5,3
DA:14,3
DA:18,3
DA:19,3
DA:22,3
DA:72,1
DA:73,1
DA:80,3
LF:10
LH:10
BRF:0
BRH:0
end_of_record
TN:
SF:routes\anime.js
FNF:0
FNH:0
DA:1,3
DA:3,3
DA:5,3
DA:6,3
DA:7,3
DA:8,3
DA:9,3
DA:11,3
LF:8
LH:8
BRF:0
BRH:0
end_of_record
TN:
SF:routes\index.js
FNF:0
FNH:0
DA:1,3
DA:3,3
DA:4,3
DA:5,3
DA:6,3
DA:8,3
DA:9,3
DA:10,3
DA:11,3
DA:12,3
DA:17,3
DA:19,3
DA:20,3
DA:21,3
DA:23,3
DA:25,3
DA:27,3
DA:29,3
DA:31,3
DA:33,3
DA:35,3
DA:37,3
DA:39,3
LF:23
LH:23
BRF:0
BRH:0
end_of_record
TN:
SF:routes\openai.js
FNF:0
FNH:0
DA:1,3
DA:3,3
DA:5,3
DA:7,3
LF:4
LH:4
BRF:0
BRH:0
end_of_record
TN:
SF:routes\profile.js
FNF:0
FNH:0
DA:1,3
DA:2,3
DA:5,3
DA:6,3
DA:8,3
DA:11,3
DA:12,3
DA:14,3
LF:8
LH:8
BRF:0
BRH:0
end_of_record
TN:
SF:routes\subscribe.js
FNF:0
FNH:0
DA:1,3
DA:2,3
DA:4,3
DA:6,3
DA:7,3
DA:8,3
DA:13,3
DA:18,3
DA:23,3
DA:28,3
DA:34,3
LF:11
LH:11
BRF:0
BRH:0
end_of_record
